software-ubiquo/android-app/app/build/intermediates/manifest_merge_blame_file/debug/processDebugMainManifest/manifest-merger-blame-debug-report.txt
1<?xml version="1.0" encoding="utf-8"?>
2<manifest xmlns:android="http://schemas.android.com/apk/res/android"
3    package="com.example.pushapp"
4    android:versionCode="1"
5    android:versionName="1.0" >
6
7    <uses-sdk
8        android:minSdkVersion="24"
9        android:targetSdkVersion="34" />
10
11    <uses-permission android:name="android.permission.INTERNET" />
11-->src/main/AndroidManifest.xml:5:5-67
11-->src/main/AndroidManifest.xml:5:22-64
12    <uses-permission android:name="android.permission.ACCESS_NETWORK_STATE" />
12-->[com.google.firebase:firebase-messaging:23.4.1] AndroidManifest.xml:22:5-79
12-->[com.google.firebase:firebase-messaging:23.4.1] AndroidManifest.xml:22:22-76
13    <uses-permission android:name="android.permission.POST_NOTIFICATIONS" />
13-->[com.google.firebase:firebase-messaging:23.4.1] AndroidManifest.xml:23:5-77
13-->[com.google.firebase:firebase-messaging:23.4.1] AndroidManifest.xml:23:22-74
14    <uses-permission android:name="android.permission.WAKE_LOCK" /> <!-- Required by older versions of Google Play services to create IID tokens -->
14-->[com.google.firebase:firebase-messaging:23.4.1] AndroidManifest.xml:24:5-68
14-->[com.google.firebase:firebase-messaging:23.4.1] AndroidManifest.xml:24:22-65
15    <uses-permission android:name="com.google.android.c2dm.permission.RECEIVE" />
15-->[com.google.firebase:firebase-messaging:23.4.1] AndroidManifest.xml:26:5-82
15-->[com.google.firebase:firebase-messaging:23.4.1] AndroidManifest.xml:26:22-79
16
17    <permission
17-->[androidx.core:core:1.12.0] AndroidManifest.xml:22:5-24:47
18        android:name="com.example.pushapp.DYNAMIC_RECEIVER_NOT_EXPORTED_PERMISSION"
18-->[androidx.core:core:1.12.0] AndroidManifest.xml:23:9-81
19        android:protectionLevel="signature" />
19-->[androidx.core:core:1.12.0] AndroidManifest.xml:24:9-44
20
21    <uses-permission android:name="com.example.pushapp.DYNAMIC_RECEIVER_NOT_EXPORTED_PERMISSION" />
21-->[androidx.core:core:1.12.0] AndroidManifest.xml:26:5-97
21-->[androidx.core:core:1.12.0] AndroidManifest.xml:26:22-94
22
23    <application
23-->src/main/AndroidManifest.xml:7:5-38:19
24        android:allowBackup="true"
24-->src/main/AndroidManifest.xml:9:9-35
25        android:appComponentFactory="androidx.core.app.CoreComponentFactory"
25-->[androidx.core:core:1.12.0] AndroidManifest.xml:28:18-86
26        android:dataExtractionRules="@xml/data_extraction_rules"
26-->src/main/AndroidManifest.xml:10:9-65
27        android:debuggable="true"
28        android:extractNativeLibs="false"
29        android:fullBackupContent="@xml/backup_rules"
29-->src/main/AndroidManifest.xml:11:9-54
30        android:icon="@android:drawable/sym_def_app_icon"
30-->src/main/AndroidManifest.xml:12:9-58
31        android:label="@string/app_name"
31-->src/main/AndroidManifest.xml:13:9-41
32        android:networkSecurityConfig="@xml/network_security_config"
32-->src/main/AndroidManifest.xml:8:9-69
33        android:roundIcon="@android:drawable/sym_def_app_icon"
33-->src/main/AndroidManifest.xml:14:9-63
34        android:supportsRtl="true"
34-->src/main/AndroidManifest.xml:15:9-35
35        android:testOnly="true"
36        android:theme="@style/Theme.PushApp" >
36-->src/main/AndroidManifest.xml:16:9-45
37        <service
37-->src/main/AndroidManifest.xml:19:9-25:19
38            android:name="com.example.pushapp.services.PushNotificationService"
38-->src/main/AndroidManifest.xml:20:13-61
39            android:exported="false" >
39-->src/main/AndroidManifest.xml:21:13-37
40            <intent-filter>
40-->src/main/AndroidManifest.xml:22:13-24:29
41                <action android:name="com.google.firebase.MESSAGING_EVENT" />
41-->src/main/AndroidManifest.xml:23:17-78
41-->src/main/AndroidManifest.xml:23:25-75
42            </intent-filter>
43        </service>
44
45        <activity
45-->src/main/AndroidManifest.xml:27:9-37:20
46            android:name="com.example.pushapp.MainActivity"
46-->src/main/AndroidManifest.xml:28:13-41
47            android:exported="true"
47-->src/main/AndroidManifest.xml:29:13-36
48            android:label="@string/app_name"
48-->src/main/AndroidManifest.xml:30:13-45
49            android:theme="@style/Theme.PushApp" >
49-->src/main/AndroidManifest.xml:31:13-49
50            <intent-filter>
50-->src/main/AndroidManifest.xml:32:13-36:29
51                <action android:name="android.intent.action.MAIN" />
51-->src/main/AndroidManifest.xml:33:17-69
51-->src/main/AndroidManifest.xml:33:25-66
52
53                <category android:name="android.intent.category.LAUNCHER" />
53-->src/main/AndroidManifest.xml:35:17-77
53-->src/main/AndroidManifest.xml:35:27-74
54            </intent-filter>
55        </activity>
56
57        <service
57-->[com.google.firebase:firebase-messaging-ktx:23.4.1] AndroidManifest.xml:23:9-29:19
58            android:name="com.google.firebase.components.ComponentDiscoveryService"
58-->[com.google.firebase:firebase-messaging-ktx:23.4.1] AndroidManifest.xml:24:13-84
59            android:directBootAware="true"
59-->[com.google.firebase:firebase-common:20.4.3] AndroidManifest.xml:32:13-43
60            android:exported="false" >
60-->[com.google.firebase:firebase-messaging-ktx:23.4.1] AndroidManifest.xml:25:13-37
61            <meta-data
61-->[com.google.firebase:firebase-messaging-ktx:23.4.1] AndroidManifest.xml:26:13-28:85
62                android:name="com.google.firebase.components:com.google.firebase.messaging.ktx.FirebaseMessagingLegacyRegistrar"
62-->[com.google.firebase:firebase-messaging-ktx:23.4.1] AndroidManifest.xml:27:17-129
63                android:value="com.google.firebase.components.ComponentRegistrar" />
63-->[com.google.firebase:firebase-messaging-ktx:23.4.1] AndroidManifest.xml:28:17-82
64            <meta-data
64-->[com.google.firebase:firebase-messaging:23.4.1] AndroidManifest.xml:57:13-59:85
65                android:name="com.google.firebase.components:com.google.firebase.messaging.FirebaseMessagingKtxRegistrar"
65-->[com.google.firebase:firebase-messaging:23.4.1] AndroidManifest.xml:58:17-122
66                android:value="com.google.firebase.components.ComponentRegistrar" />
66-->[com.google.firebase:firebase-messaging:23.4.1] AndroidManifest.xml:59:17-82
67            <meta-data
67-->[com.google.firebase:firebase-messaging:23.4.1] AndroidManifest.xml:60:13-62:85
68                android:name="com.google.firebase.components:com.google.firebase.messaging.FirebaseMessagingRegistrar"
68-->[com.google.firebase:firebase-messaging:23.4.1] AndroidManifest.xml:61:17-119
69                android:value="com.google.firebase.components.ComponentRegistrar" />
69-->[com.google.firebase:firebase-messaging:23.4.1] AndroidManifest.xml:62:17-82
70            <meta-data
70-->[com.google.firebase:firebase-installations:17.2.0] AndroidManifest.xml:15:13-17:85
71                android:name="com.google.firebase.components:com.google.firebase.installations.FirebaseInstallationsKtxRegistrar"
71-->[com.google.firebase:firebase-installations:17.2.0] AndroidManifest.xml:16:17-130
72                android:value="com.google.firebase.components.ComponentRegistrar" />
72-->[com.google.firebase:firebase-installations:17.2.0] AndroidManifest.xml:17:17-82
73            <meta-data
73-->[com.google.firebase:firebase-installations:17.2.0] AndroidManifest.xml:18:13-20:85
74                android:name="com.google.firebase.components:com.google.firebase.installations.FirebaseInstallationsRegistrar"
74-->[com.google.firebase:firebase-installations:17.2.0] AndroidManifest.xml:19:17-127
75                android:value="com.google.firebase.components.ComponentRegistrar" />
75-->[com.google.firebase:firebase-installations:17.2.0] AndroidManifest.xml:20:17-82
76            <meta-data
76-->[com.google.firebase:firebase-common-ktx:20.4.3] AndroidManifest.xml:12:13-14:85
77                android:name="com.google.firebase.components:com.google.firebase.ktx.FirebaseCommonLegacyRegistrar"
77-->[com.google.firebase:firebase-common-ktx:20.4.3] AndroidManifest.xml:13:17-116
78                android:value="com.google.firebase.components.ComponentRegistrar" />
78-->[com.google.firebase:firebase-common-ktx:20.4.3] AndroidManifest.xml:14:17-82
79            <meta-data
79-->[com.google.firebase:firebase-common:20.4.3] AndroidManifest.xml:35:13-37:85
80                android:name="com.google.firebase.components:com.google.firebase.FirebaseCommonKtxRegistrar"
80-->[com.google.firebase:firebase-common:20.4.3] AndroidManifest.xml:36:17-109
81                android:value="com.google.firebase.components.ComponentRegistrar" />
81-->[com.google.firebase:firebase-common:20.4.3] AndroidManifest.xml:37:17-82
82            <meta-data
82-->[com.google.firebase:firebase-datatransport:18.1.7] AndroidManifest.xml:27:13-29:85
83                android:name="com.google.firebase.components:com.google.firebase.datatransport.TransportRegistrar"
83-->[com.google.firebase:firebase-datatransport:18.1.7] AndroidManifest.xml:28:17-115
84                android:value="com.google.firebase.components.ComponentRegistrar" />
84-->[com.google.firebase:firebase-datatransport:18.1.7] AndroidManifest.xml:29:17-82
85        </service>
86
87        <receiver
87-->[com.google.firebase:firebase-messaging:23.4.1] AndroidManifest.xml:29:9-40:20
88            android:name="com.google.firebase.iid.FirebaseInstanceIdReceiver"
88-->[com.google.firebase:firebase-messaging:23.4.1] AndroidManifest.xml:30:13-78
89            android:exported="true"
89-->[com.google.firebase:firebase-messaging:23.4.1] AndroidManifest.xml:31:13-36
90            android:permission="com.google.android.c2dm.permission.SEND" >
90-->[com.google.firebase:firebase-messaging:23.4.1] AndroidManifest.xml:32:13-73
91            <intent-filter>
91-->[com.google.firebase:firebase-messaging:23.4.1] AndroidManifest.xml:33:13-35:29
92                <action android:name="com.google.android.c2dm.intent.RECEIVE" />
92-->[com.google.firebase:firebase-messaging:23.4.1] AndroidManifest.xml:34:17-81
92-->[com.google.firebase:firebase-messaging:23.4.1] AndroidManifest.xml:34:25-78
93            </intent-filter>
94
95            <meta-data
95-->[com.google.firebase:firebase-messaging:23.4.1] AndroidManifest.xml:37:13-39:40
96                android:name="com.google.android.gms.cloudmessaging.FINISHED_AFTER_HANDLED"
96-->[com.google.firebase:firebase-messaging:23.4.1] AndroidManifest.xml:38:17-92
97                android:value="true" />
97-->[com.google.firebase:firebase-messaging:23.4.1] AndroidManifest.xml:39:17-37
98        </receiver>
99        <!--
100             FirebaseMessagingService performs security checks at runtime,
101             but set to not exported to explicitly avoid allowing another app to call it.
102        -->
103        <service
103-->[com.google.firebase:firebase-messaging:23.4.1] AndroidManifest.xml:46:9-53:19
104            android:name="com.google.firebase.messaging.FirebaseMessagingService"
104-->[com.google.firebase:firebase-messaging:23.4.1] AndroidManifest.xml:47:13-82
105            android:directBootAware="true"
105-->[com.google.firebase:firebase-messaging:23.4.1] AndroidManifest.xml:48:13-43
106            android:exported="false" >
106-->[com.google.firebase:firebase-messaging:23.4.1] AndroidManifest.xml:49:13-37
107            <intent-filter android:priority="-500" >
107-->src/main/AndroidManifest.xml:22:13-24:29
108                <action android:name="com.google.firebase.MESSAGING_EVENT" />
108-->src/main/AndroidManifest.xml:23:17-78
108-->src/main/AndroidManifest.xml:23:25-75
109            </intent-filter>
110        </service>
111
112        <provider
112-->[com.google.firebase:firebase-common:20.4.3] AndroidManifest.xml:23:9-28:39
113            android:name="com.google.firebase.provider.FirebaseInitProvider"
113-->[com.google.firebase:firebase-common:20.4.3] AndroidManifest.xml:24:13-77
114            android:authorities="com.example.pushapp.firebaseinitprovider"
114-->[com.google.firebase:firebase-common:20.4.3] AndroidManifest.xml:25:13-72
115            android:directBootAware="true"
115-->[com.google.firebase:firebase-common:20.4.3] AndroidManifest.xml:26:13-43
116            android:exported="false"
116-->[com.google.firebase:firebase-common:20.4.3] AndroidManifest.xml:27:13-37
117            android:initOrder="100" />
117-->[com.google.firebase:firebase-common:20.4.3] AndroidManifest.xml:28:13-36
118
119        <activity
119-->[com.google.android.gms:play-services-base:18.0.1] AndroidManifest.xml:20:9-22:45
120            android:name="com.google.android.gms.common.api.GoogleApiActivity"
120-->[com.google.android.gms:play-services-base:18.0.1] AndroidManifest.xml:20:19-85
121            android:exported="false"
121-->[com.google.android.gms:play-services-base:18.0.1] AndroidManifest.xml:22:19-43
122            android:theme="@android:style/Theme.Translucent.NoTitleBar" />
122-->[com.google.android.gms:play-services-base:18.0.1] AndroidManifest.xml:21:19-78
123        <activity
123-->[androidx.compose.ui:ui-test-manifest:1.5.0] AndroidManifest.xml:23:9-25:39
124            android:name="androidx.activity.ComponentActivity"
124-->[androidx.compose.ui:ui-test-manifest:1.5.0] AndroidManifest.xml:24:13-63
125            android:exported="true" />
125-->[androidx.compose.ui:ui-test-manifest:1.5.0] AndroidManifest.xml:25:13-36
126        <activity
126-->[androidx.compose.ui:ui-tooling-android:1.5.0] AndroidManifest.xml:23:9-25:39
127            android:name="androidx.compose.ui.tooling.PreviewActivity"
127-->[androidx.compose.ui:ui-tooling-android:1.5.0] AndroidManifest.xml:24:13-71
128            android:exported="true" />
128-->[androidx.compose.ui:ui-tooling-android:1.5.0] AndroidManifest.xml:25:13-36
129
130        <provider
130-->[androidx.emoji2:emoji2:1.4.0] AndroidManifest.xml:24:9-32:20
131            android:name="androidx.startup.InitializationProvider"
131-->[androidx.emoji2:emoji2:1.4.0] AndroidManifest.xml:25:13-67
132            android:authorities="com.example.pushapp.androidx-startup"
132-->[androidx.emoji2:emoji2:1.4.0] AndroidManifest.xml:26:13-68
133            android:exported="false" >
133-->[androidx.emoji2:emoji2:1.4.0] AndroidManifest.xml:27:13-37
134            <meta-data
134-->[androidx.emoji2:emoji2:1.4.0] AndroidManifest.xml:29:13-31:52
135                android:name="androidx.emoji2.text.EmojiCompatInitializer"
135-->[androidx.emoji2:emoji2:1.4.0] AndroidManifest.xml:30:17-75
136                android:value="androidx.startup" />
136-->[androidx.emoji2:emoji2:1.4.0] AndroidManifest.xml:31:17-49
137            <meta-data
137-->[androidx.lifecycle:lifecycle-process:2.7.0] AndroidManifest.xml:29:13-31:52
138                android:name="androidx.lifecycle.ProcessLifecycleInitializer"
138-->[androidx.lifecycle:lifecycle-process:2.7.0] AndroidManifest.xml:30:17-78
139                android:value="androidx.startup" />
139-->[androidx.lifecycle:lifecycle-process:2.7.0] AndroidManifest.xml:31:17-49
140            <meta-data
140-->[androidx.profileinstaller:profileinstaller:1.3.0] AndroidManifest.xml:29:13-31:52
141                android:name="androidx.profileinstaller.ProfileInstallerInitializer"
141-->[androidx.profileinstaller:profileinstaller:1.3.0] AndroidManifest.xml:30:17-85
142                android:value="androidx.startup" />
142-->[androidx.profileinstaller:profileinstaller:1.3.0] AndroidManifest.xml:31:17-49
143        </provider>
144
145        <meta-data
145-->[com.google.android.gms:play-services-basement:18.3.0] AndroidManifest.xml:21:9-23:69
146            android:name="com.google.android.gms.version"
146-->[com.google.android.gms:play-services-basement:18.3.0] AndroidManifest.xml:22:13-58
147            android:value="@integer/google_play_services_version" />
147-->[com.google.android.gms:play-services-basement:18.3.0] AndroidManifest.xml:23:13-66
148
149        <receiver
149-->[androidx.profileinstaller:profileinstaller:1.3.0] AndroidManifest.xml:34:9-52:20
150            android:name="androidx.profileinstaller.ProfileInstallReceiver"
150-->[androidx.profileinstaller:profileinstaller:1.3.0] AndroidManifest.xml:35:13-76
151            android:directBootAware="false"
151-->[androidx.profileinstaller:profileinstaller:1.3.0] AndroidManifest.xml:36:13-44
152            android:enabled="true"
152-->[androidx.profileinstaller:profileinstaller:1.3.0] AndroidManifest.xml:37:13-35
153            android:exported="true"
153-->[androidx.profileinstaller:profileinstaller:1.3.0] AndroidManifest.xml:38:13-36
154            android:permission="android.permission.DUMP" >
154-->[androidx.profileinstaller:profileinstaller:1.3.0] AndroidManifest.xml:39:13-57
155            <intent-filter>
155-->[androidx.profileinstaller:profileinstaller:1.3.0] AndroidManifest.xml:40:13-42:29
156                <action android:name="androidx.profileinstaller.action.INSTALL_PROFILE" />
156-->[androidx.profileinstaller:profileinstaller:1.3.0] AndroidManifest.xml:41:17-91
156-->[androidx.profileinstaller:profileinstaller:1.3.0] AndroidManifest.xml:41:25-88
157            </intent-filter>
158            <intent-filter>
158-->[androidx.profileinstaller:profileinstaller:1.3.0] AndroidManifest.xml:43:13-45:29
159                <action android:name="androidx.profileinstaller.action.SKIP_FILE" />
159-->[androidx.profileinstaller:profileinstaller:1.3.0] AndroidManifest.xml:44:17-85
159-->[androidx.profileinstaller:profileinstaller:1.3.0] AndroidManifest.xml:44:25-82
160            </intent-filter>
161            <intent-filter>
161-->[androidx.profileinstaller:profileinstaller:1.3.0] AndroidManifest.xml:46:13-48:29
162                <action android:name="androidx.profileinstaller.action.SAVE_PROFILE" />
162-->[androidx.profileinstaller:profileinstaller:1.3.0] AndroidManifest.xml:47:17-88
162-->[androidx.profileinstaller:profileinstaller:1.3.0] AndroidManifest.xml:47:25-85
163            </intent-filter>
164            <intent-filter>
164-->[androidx.profileinstaller:profileinstaller:1.3.0] AndroidManifest.xml:49:13-51:29
165                <action android:name="androidx.profileinstaller.action.BENCHMARK_OPERATION" />
165-->[androidx.profileinstaller:profileinstaller:1.3.0] AndroidManifest.xml:50:17-95
165-->[androidx.profileinstaller:profileinstaller:1.3.0] AndroidManifest.xml:50:25-92
166            </intent-filter>
167        </receiver>
168
169        <service
169-->[com.google.android.datatransport:transport-backend-cct:3.1.8] AndroidManifest.xml:28:9-34:19
170            android:name="com.google.android.datatransport.runtime.backends.TransportBackendDiscovery"
170-->[com.google.android.datatransport:transport-backend-cct:3.1.8] AndroidManifest.xml:29:13-103
171            android:exported="false" >
171-->[com.google.android.datatransport:transport-backend-cct:3.1.8] AndroidManifest.xml:30:13-37
172            <meta-data
172-->[com.google.android.datatransport:transport-backend-cct:3.1.8] AndroidManifest.xml:31:13-33:39
173                android:name="backend:com.google.android.datatransport.cct.CctBackendFactory"
173-->[com.google.android.datatransport:transport-backend-cct:3.1.8] AndroidManifest.xml:32:17-94
174                android:value="cct" />
174-->[com.google.android.datatransport:transport-backend-cct:3.1.8] AndroidManifest.xml:33:17-36
175        </service>
176        <service
176-->[com.google.android.datatransport:transport-runtime:3.1.8] AndroidManifest.xml:26:9-30:19
177            android:name="com.google.android.datatransport.runtime.scheduling.jobscheduling.JobInfoSchedulerService"
177-->[com.google.android.datatransport:transport-runtime:3.1.8] AndroidManifest.xml:27:13-117
178            android:exported="false"
178-->[com.google.android.datatransport:transport-runtime:3.1.8] AndroidManifest.xml:28:13-37
179            android:permission="android.permission.BIND_JOB_SERVICE" >
179-->[com.google.android.datatransport:transport-runtime:3.1.8] AndroidManifest.xml:29:13-69
180        </service>
181
182        <receiver
182-->[com.google.android.datatransport:transport-runtime:3.1.8] AndroidManifest.xml:32:9-34:40
183            android:name="com.google.android.datatransport.runtime.scheduling.jobscheduling.AlarmManagerSchedulerBroadcastReceiver"
183-->[com.google.android.datatransport:transport-runtime:3.1.8] AndroidManifest.xml:33:13-132
184            android:exported="false" />
184-->[com.google.android.datatransport:transport-runtime:3.1.8] AndroidManifest.xml:34:13-37
185    </application>
186
187</manifest>